Build started 4/3/2012 6:35:41 PM.
     1>Project "G:\RADIS\CVIPlab .NET 2010 binary\CVIPlab-net-2010\CVIPlab\CVIPlab_Project.vcxproj" on node 2 (build target(s)).
     1>InitializeBuildStatus:
         Creating ".\Debug\CVIPlab_Project.unsuccessfulbuild" because "AlwaysCreate" was specified.
       ClCompile:
         C:\Program Files (x86)\Microsoft Visual Studio 10.0\VC\bin\CL.exe /c /I../include /ZI /nologo /W3 /WX- /Od /Oy- /D WIN32 /D _DEBUG /D _CONSOLE /D _VC80_UPGRADE=0x0600 /D _MBCS /D _AFXDLL /Gm /EHsc /RTC1 /MDd /GS /fp:precise /Zc:wchar_t /Zc:forScope /Yc"stdafx.h" /Fp".\Debug/CVIPlab_Project.pch" /Fo".\Debug/" /Fd".\Debug/vc100.pdb" /FR".\Debug\\" /Gd /TP /analyze- /errorReport:prompt StdAfx.cpp
         StdAfx.cpp
         _WIN32_WINNT not defined. Defaulting to _WIN32_WINNT_MAXVER (see WinSDKVer.h)
         C:\Program Files (x86)\Microsoft Visual Studio 10.0\VC\bin\CL.exe /c /I../include /ZI /nologo /W3 /WX- /Od /Oy- /D WIN32 /D _DEBUG /D _CONSOLE /D _VC80_UPGRADE=0x0600 /D _MBCS /D _AFXDLL /Gm /EHsc /RTC1 /MDd /GS /fp:precise /Zc:wchar_t /Zc:forScope /Fo".\Debug/" /Fd".\Debug/vc100.pdb" /FR".\Debug\\" /Gd /TC /analyze- /errorReport:prompt CVIPlab.c threshold_lab.c
         threshold_lab.c
         CVIPlab.c
     1>g:\radis\cviplab .net 2010 binary\cviplab-net-2010\cviplab\cviplab.c(69): warning C4101: 'outputfile' : unreferenced local variable
     1>g:\radis\cviplab .net 2010 binary\cviplab-net-2010\cviplab\cviplab.c(66): warning C4101: 'format' : unreferenced local variable
     1>g:\radis\cviplab .net 2010 binary\cviplab-net-2010\cviplab\cviplab.c(68): warning C4101: 'cvipImage1' : unreferenced local variable
         Generating Code...
         C:\Program Files (x86)\Microsoft Visual Studio 10.0\VC\bin\CL.exe /c /I../include /ZI /nologo /W3 /WX- /Od /Oy- /D WIN32 /D _DEBUG /D _CONSOLE /D _VC80_UPGRADE=0x0600 /D _MBCS /D _AFXDLL /Gm /EHsc /RTC1 /MDd /GS /fp:precise /Zc:wchar_t /Zc:forScope /Yu"stdafx.h" /Fp".\Debug/CVIPlab_Project.pch" /Fo".\Debug/" /Fd".\Debug/vc100.pdb" /FR".\Debug\\" /Gd /TP /analyze- /errorReport:prompt CVIPlab_Project.cpp
         CVIPlab_Project.cpp
       ResourceCompile:
         C:\Program Files (x86)\Microsoft SDKs\Windows\v7.0A\bin\rc.exe /D _DEBUG /D _VC80_UPGRADE=0x0600 /D _AFXDLL /l"0x0409" /nologo /fo".\Debug\CVIPlab_Project.res" CVIPlab_Project.rc 
       ManifestResourceCompile:
         C:\Program Files (x86)\Microsoft SDKs\Windows\v7.0A\bin\rc.exe /nologo /fo".\Debug\CVIPlab_Project.exe.embed.manifest.res" .\Debug\CVIPlab_Project_manifest.rc 
       Link:
         C:\Program Files (x86)\Microsoft Visual Studio 10.0\VC\bin\link.exe /ERRORREPORT:PROMPT /OUT:".\Debug/CVIPlab_Project.exe" /INCREMENTAL /NOLOGO /LIBPATH:../lib ws2_32.lib ArithLogic.lib Band.lib Color.lib Compression.lib Conversion.lib Display.lib Feature.lib Geometry.lib Histogram.lib Image.lib IO.lib JPEG.lib ObjectManager.lib Mapping.lib Matrix.lib Morphological.lib Noise.lib Object.lib oncrpc.lib PBM.lib rpcinfo.lib ROI.lib Segmentation.lib SpatialFilter.lib TIFF.lib Transform.lib Vector.lib TransformFilter.lib /NODEFAULTLIB:LIBC.LIB /NODEFAULTLIB:LIBCD.LIB /NODEFAULTLIB:LIBCMT.LIB /NODEFAULTLIB:LIBCMTD.LIB /NODEFAULTLIB:MSVCRT.LIB /MANIFEST /ManifestFile:".\Debug\CVIPlab_Project.exe.intermediate.manifest" /MANIFESTUAC:"level='asInvoker' uiAccess='false'" /DEBUG /PDB:".\Debug/CVIPlab_Project.pdb" /SUBSYSTEM:CONSOLE /TLBID:1 /DYNAMICBASE:NO /IMPLIB:".\Debug\CVIPlab_Project.lib" /MACHINE:X86 .\Debug\CVIPlab_Project.res
         .\Debug\CVIPlab_Project.exe.embed.manifest.res
         .\Debug/CVIPlab.obj
         .\Debug/CVIPlab_Project.obj
         .\Debug/StdAfx.obj
         .\Debug/threshold_lab.obj
         ..\lib\ArithLogic.lib
         ..\lib\Band.lib
         ..\lib\Color.lib
         ..\lib\Compression.lib
         ..\lib\Conversion.lib
         ..\lib\Display.lib
         ..\lib\Feature.lib
         ..\lib\Geometry.lib
         ..\lib\Histogram.lib
         ..\lib\Image.lib
         ..\lib\IO.lib
         ..\lib\JPEG.lib
         ..\lib\Mapping.lib
         ..\lib\Matrix.lib
         ..\lib\Morphological.lib
         ..\lib\Noise.lib
         ..\lib\Object.lib
         ..\lib\ObjectManager.lib
         ..\lib\oncrpc.lib
         ..\lib\PBM.lib
         ..\lib\ROI.lib
         ..\lib\rpcinfo.lib
         ..\lib\Segmentation.lib
         ..\lib\SpatialFilter.lib
         ..\lib\TIFF.lib
         ..\lib\Transform.lib
         ..\lib\TransformFilter.lib
         ..\lib\Vector.lib
         LINK : .\Debug/CVIPlab_Project.exe not found or not built by the last incremental link; performing full link
            Creating library .\Debug\CVIPlab_Project.lib and object .\Debug\CVIPlab_Project.exp
     1>Color.lib(cxform.obj) : warning LNK4204: 'G:\RADIS\CVIPlab .NET 2010 binary\CVIPlab-net-2010\CVIPlab\Debug\vc100.pdb' is missing debugging information for referencing module; linking object as if no debug info
     1>Color.lib(pct.obj) : warning LNK4204: 'G:\RADIS\CVIPlab .NET 2010 binary\CVIPlab-net-2010\CVIPlab\Debug\vc100.pdb' is missing debugging information for referencing module; linking object as if no debug info
     1>Conversion.lib(bintocvip.obj) : warning LNK4204: 'G:\RADIS\CVIPlab .NET 2010 binary\CVIPlab-net-2010\CVIPlab\Debug\vc100.pdb' is missing debugging information for referencing module; linking object as if no debug info
     1>Conversion.lib(bmptocvip.obj) : warning LNK4204: 'G:\RADIS\CVIPlab .NET 2010 binary\CVIPlab-net-2010\CVIPlab\Debug\vc100.pdb' is missing debugging information for referencing module; linking object as if no debug info
     1>Conversion.lib(ccctocvip.obj) : warning LNK4204: 'G:\RADIS\CVIPlab .NET 2010 binary\CVIPlab-net-2010\CVIPlab\Debug\vc100.pdb' is missing debugging information for referencing module; linking object as if no debug info
     1>Conversion.lib(convert.obj) : warning LNK4204: 'G:\RADIS\CVIPlab .NET 2010 binary\CVIPlab-net-2010\CVIPlab\Debug\vc100.pdb' is missing debugging information for referencing module; linking object as if no debug info
     1>Conversion.lib(convertutils.obj) : warning LNK4204: 'G:\RADIS\CVIPlab .NET 2010 binary\CVIPlab-net-2010\CVIPlab\Debug\vc100.pdb' is missing debugging information for referencing module; linking object as if no debug info
     1>Conversion.lib(cvipandiris.obj) : warning LNK4204: 'G:\RADIS\CVIPlab .NET 2010 binary\CVIPlab-net-2010\CVIPlab\Debug\vc100.pdb' is missing debugging information for referencing module; linking object as if no debug info
     1>Conversion.lib(cviptobin.obj) : warning LNK4204: 'G:\RADIS\CVIPlab .NET 2010 binary\CVIPlab-net-2010\CVIPlab\Debug\vc100.pdb' is missing debugging information for referencing module; linking object as if no debug info
     1>Conversion.lib(cviptobmp.obj) : warning LNK4204: 'G:\RADIS\CVIPlab .NET 2010 binary\CVIPlab-net-2010\CVIPlab\Debug\vc100.pdb' is missing debugging information for referencing module; linking object as if no debug info
     1>Conversion.lib(cviptoccc.obj) : warning LNK4204: 'G:\RADIS\CVIPlab .NET 2010 binary\CVIPlab-net-2010\CVIPlab\Debug\vc100.pdb' is missing debugging information for referencing module; linking object as if no debug info
     1>Conversion.lib(cviptoeps.obj) : warning LNK4204: 'G:\RADIS\CVIPlab .NET 2010 binary\CVIPlab-net-2010\CVIPlab\Debug\vc100.pdb' is missing debugging information for referencing module; linking object as if no debug info
     1>Conversion.lib(cviptogif.obj) : warning LNK4204: 'G:\RADIS\CVIPlab .NET 2010 binary\CVIPlab-net-2010\CVIPlab\Debug\vc100.pdb' is missing debugging information for referencing module; linking object as if no debug info
     1>Conversion.lib(cviptoitex.obj) : warning LNK4204: 'G:\RADIS\CVIPlab .NET 2010 binary\CVIPlab-net-2010\CVIPlab\Debug\vc100.pdb' is missing debugging information for referencing module; linking object as if no debug info
     1>Conversion.lib(cviptojpeg.obj) : warning LNK4204: 'G:\RADIS\CVIPlab .NET 2010 binary\CVIPlab-net-2010\CVIPlab\Debug\vc100.pdb' is missing debugging information for referencing module; linking object as if no debug info
     1>Conversion.lib(cviptojpeg2000.obj) : warning LNK4204: 'G:\RADIS\CVIPlab .NET 2010 binary\CVIPlab-net-2010\CVIPlab\Debug\vc100.pdb' is missing debugging information for referencing module; linking object as if no debug info
     1>Conversion.lib(cviptopnm.obj) : warning LNK4204: 'G:\RADIS\CVIPlab .NET 2010 binary\CVIPlab-net-2010\CVIPlab\Debug\vc100.pdb' is missing debugging information for referencing module; linking object as if no debug info
     1>Conversion.lib(cviptops.obj) : warning LNK4204: 'G:\RADIS\CVIPlab .NET 2010 binary\CVIPlab-net-2010\CVIPlab\Debug\vc100.pdb' is missing debugging information for referencing module; linking object as if no debug info
     1>Conversion.lib(cviptoras.obj) : warning LNK4204: 'G:\RADIS\CVIPlab .NET 2010 binary\CVIPlab-net-2010\CVIPlab\Debug\vc100.pdb' is missing debugging information for referencing module; linking object as if no debug info
     1>Conversion.lib(cviptotiff.obj) : warning LNK4204: 'G:\RADIS\CVIPlab .NET 2010 binary\CVIPlab-net-2010\CVIPlab\Debug\vc100.pdb' is missing debugging information for referencing module; linking object as if no debug info
     1>Conversion.lib(cviptovip.obj) : warning LNK4204: 'G:\RADIS\CVIPlab .NET 2010 binary\CVIPlab-net-2010\CVIPlab\Debug\vc100.pdb' is missing debugging information for referencing module; linking object as if no debug info
     1>Conversion.lib(epstocvip.obj) : warning LNK4204: 'G:\RADIS\CVIPlab .NET 2010 binary\CVIPlab-net-2010\CVIPlab\Debug\vc100.pdb' is missing debugging information for referencing module; linking object as if no debug info
     1>Conversion.lib(giftocvip.obj) : warning LNK4204: 'G:\RADIS\CVIPlab .NET 2010 binary\CVIPlab-net-2010\CVIPlab\Debug\vc100.pdb' is missing debugging information for referencing module; linking object as if no debug info
     1>Conversion.lib(halftone.obj) : warning LNK4204: 'G:\RADIS\CVIPlab .NET 2010 binary\CVIPlab-net-2010\CVIPlab\Debug\vc100.pdb' is missing debugging information for referencing module; linking object as if no debug info
     1>Conversion.lib(itextocvip.obj) : warning LNK4204: 'G:\RADIS\CVIPlab .NET 2010 binary\CVIPlab-net-2010\CVIPlab\Debug\vc100.pdb' is missing debugging information for referencing module; linking object as if no debug info
     1>Conversion.lib(jpeg2000tocvip.obj) : warning LNK4204: 'G:\RADIS\CVIPlab .NET 2010 binary\CVIPlab-net-2010\CVIPlab\Debug\vc100.pdb' is missing debugging information for referencing module; linking object as if no debug info
     1>Conversion.lib(jpegtocvip.obj) : warning LNK4204: 'G:\RADIS\CVIPlab .NET 2010 binary\CVIPlab-net-2010\CVIPlab\Debug\vc100.pdb' is missing debugging information for referencing module; linking object as if no debug info
     1>Conversion.lib(navy.obj) : warning LNK4204: 'G:\RADIS\CVIPlab .NET 2010 binary\CVIPlab-net-2010\CVIPlab\Debug\vc100.pdb' is missing debugging information for referencing module; linking object as if no debug info
     1>Conversion.lib(pnmtocvip.obj) : warning LNK4204: 'G:\RADIS\CVIPlab .NET 2010 binary\CVIPlab-net-2010\CVIPlab\Debug\vc100.pdb' is missing debugging information for referencing module; linking object as if no debug info
     1>Conversion.lib(rastocvip.obj) : warning LNK4204: 'G:\RADIS\CVIPlab .NET 2010 binary\CVIPlab-net-2010\CVIPlab\Debug\vc100.pdb' is missing debugging information for referencing module; linking object as if no debug info
     1>Conversion.lib(tifftocvip.obj) : warning LNK4204: 'G:\RADIS\CVIPlab .NET 2010 binary\CVIPlab-net-2010\CVIPlab\Debug\vc100.pdb' is missing debugging information for referencing module; linking object as if no debug info
     1>Conversion.lib(viptocvip.obj) : warning LNK4204: 'G:\RADIS\CVIPlab .NET 2010 binary\CVIPlab-net-2010\CVIPlab\Debug\vc100.pdb' is missing debugging information for referencing module; linking object as if no debug info
     1>Conversion.lib(BMPDECOD.obj) : warning LNK4204: 'G:\RADIS\CVIPlab .NET 2010 binary\CVIPlab-net-2010\CVIPlab\Debug\vc100.pdb' is missing debugging information for referencing module; linking object as if no debug info
     1>Conversion.lib(BMPREAD.obj) : warning LNK4204: 'G:\RADIS\CVIPlab .NET 2010 binary\CVIPlab-net-2010\CVIPlab\Debug\vc100.pdb' is missing debugging information for referencing module; linking object as if no debug info
     1>Conversion.lib(BMPWRITE.obj) : warning LNK4204: 'G:\RADIS\CVIPlab .NET 2010 binary\CVIPlab-net-2010\CVIPlab\Debug\vc100.pdb' is missing debugging information for referencing module; linking object as if no debug info
     1>Conversion.lib(ENDIANIO.obj) : warning LNK4204: 'G:\RADIS\CVIPlab .NET 2010 binary\CVIPlab-net-2010\CVIPlab\Debug\vc100.pdb' is missing debugging information for referencing module; linking object as if no debug info
     1>Conversion.lib(bio.obj) : warning LNK4204: 'G:\RADIS\CVIPlab .NET 2010 binary\CVIPlab-net-2010\CVIPlab\Debug\vc100.pdb' is missing debugging information for referencing module; linking object as if no debug info
     1>Conversion.lib(cio.obj) : warning LNK4204: 'G:\RADIS\CVIPlab .NET 2010 binary\CVIPlab-net-2010\CVIPlab\Debug\vc100.pdb' is missing debugging information for referencing module; linking object as if no debug info
     1>Conversion.lib(cviptoopj.obj) : warning LNK4204: 'G:\RADIS\CVIPlab .NET 2010 binary\CVIPlab-net-2010\CVIPlab\Debug\vc100.pdb' is missing debugging information for referencing module; linking object as if no debug info
     1>Conversion.lib(dwt.obj) : warning LNK4204: 'G:\RADIS\CVIPlab .NET 2010 binary\CVIPlab-net-2010\CVIPlab\Debug\vc100.pdb' is missing debugging information for referencing module; linking object as if no debug info
     1>Conversion.lib(event.obj) : warning LNK4204: 'G:\RADIS\CVIPlab .NET 2010 binary\CVIPlab-net-2010\CVIPlab\Debug\vc100.pdb' is missing debugging information for referencing module; linking object as if no debug info
     1>Conversion.lib(getopt.obj) : warning LNK4204: 'G:\RADIS\CVIPlab .NET 2010 binary\CVIPlab-net-2010\CVIPlab\Debug\vc100.pdb' is missing debugging information for referencing module; linking object as if no debug info
     1>Conversion.lib(index.obj) : warning LNK4204: 'G:\RADIS\CVIPlab .NET 2010 binary\CVIPlab-net-2010\CVIPlab\Debug\vc100.pdb' is missing debugging information for referencing module; linking object as if no debug info
     1>Conversion.lib(j2k.obj) : warning LNK4204: 'G:\RADIS\CVIPlab .NET 2010 binary\CVIPlab-net-2010\CVIPlab\Debug\vc100.pdb' is missing debugging information for referencing module; linking object as if no debug info
     1>Conversion.lib(j2k_lib.obj) : warning LNK4204: 'G:\RADIS\CVIPlab .NET 2010 binary\CVIPlab-net-2010\CVIPlab\Debug\vc100.pdb' is missing debugging information for referencing module; linking object as if no debug info
     1>Conversion.lib(jp2.obj) : warning LNK4204: 'G:\RADIS\CVIPlab .NET 2010 binary\CVIPlab-net-2010\CVIPlab\Debug\vc100.pdb' is missing debugging information for referencing module; linking object as if no debug info
     1>Conversion.lib(jp2_decode.obj) : warning LNK4204: 'G:\RADIS\CVIPlab .NET 2010 binary\CVIPlab-net-2010\CVIPlab\Debug\vc100.pdb' is missing debugging information for referencing module; linking object as if no debug info
     1>Conversion.lib(jp2_encode.obj) : warning LNK4204: 'G:\RADIS\CVIPlab .NET 2010 binary\CVIPlab-net-2010\CVIPlab\Debug\vc100.pdb' is missing debugging information for referencing module; linking object as if no debug info
     1>Conversion.lib(jpt.obj) : warning LNK4204: 'G:\RADIS\CVIPlab .NET 2010 binary\CVIPlab-net-2010\CVIPlab\Debug\vc100.pdb' is missing debugging information for referencing module; linking object as if no debug info
     1>Conversion.lib(mct.obj) : warning LNK4204: 'G:\RADIS\CVIPlab .NET 2010 binary\CVIPlab-net-2010\CVIPlab\Debug\vc100.pdb' is missing debugging information for referencing module; linking object as if no debug info
     1>Conversion.lib(mqc.obj) : warning LNK4204: 'G:\RADIS\CVIPlab .NET 2010 binary\CVIPlab-net-2010\CVIPlab\Debug\vc100.pdb' is missing debugging information for referencing module; linking object as if no debug info
     1>Conversion.lib(openjpeg.obj) : warning LNK4204: 'G:\RADIS\CVIPlab .NET 2010 binary\CVIPlab-net-2010\CVIPlab\Debug\vc100.pdb' is missing debugging information for referencing module; linking object as if no debug info
     1>Conversion.lib(opjimage.obj) : warning LNK4204: 'G:\RADIS\CVIPlab .NET 2010 binary\CVIPlab-net-2010\CVIPlab\Debug\vc100.pdb' is missing debugging information for referencing module; linking object as if no debug info
     1>Conversion.lib(opjtocvip.obj) : warning LNK4204: 'G:\RADIS\CVIPlab .NET 2010 binary\CVIPlab-net-2010\CVIPlab\Debug\vc100.pdb' is missing debugging information for referencing module; linking object as if no debug info
     1>Conversion.lib(pi.obj) : warning LNK4204: 'G:\RADIS\CVIPlab .NET 2010 binary\CVIPlab-net-2010\CVIPlab\Debug\vc100.pdb' is missing debugging information for referencing module; linking object as if no debug info
     1>Conversion.lib(raw.obj) : warning LNK4204: 'G:\RADIS\CVIPlab .NET 2010 binary\CVIPlab-net-2010\CVIPlab\Debug\vc100.pdb' is missing debugging information for referencing module; linking object as if no debug info
     1>Conversion.lib(t1.obj) : warning LNK4204: 'G:\RADIS\CVIPlab .NET 2010 binary\CVIPlab-net-2010\CVIPlab\Debug\vc100.pdb' is missing debugging information for referencing module; linking object as if no debug info
     1>Conversion.lib(t2.obj) : warning LNK4204: 'G:\RADIS\CVIPlab .NET 2010 binary\CVIPlab-net-2010\CVIPlab\Debug\vc100.pdb' is missing debugging information for referencing module; linking object as if no debug info
     1>Conversion.lib(tcd.obj) : warning LNK4204: 'G:\RADIS\CVIPlab .NET 2010 binary\CVIPlab-net-2010\CVIPlab\Debug\vc100.pdb' is missing debugging information for referencing module; linking object as if no debug info
     1>Conversion.lib(tgt.obj) : warning LNK4204: 'G:\RADIS\CVIPlab .NET 2010 binary\CVIPlab-net-2010\CVIPlab\Debug\vc100.pdb' is missing debugging information for referencing module; linking object as if no debug info
     1>Conversion.lib(adler32.obj) : warning LNK4204: 'G:\RADIS\CVIPlab .NET 2010 binary\CVIPlab-net-2010\CVIPlab\Debug\vc100.pdb' is missing debugging information for referencing module; linking object as if no debug info
     1>Conversion.lib(compress.obj) : warning LNK4204: 'G:\RADIS\CVIPlab .NET 2010 binary\CVIPlab-net-2010\CVIPlab\Debug\vc100.pdb' is missing debugging information for referencing module; linking object as if no debug info
     1>Conversion.lib(crc32.obj) : warning LNK4204: 'G:\RADIS\CVIPlab .NET 2010 binary\CVIPlab-net-2010\CVIPlab\Debug\vc100.pdb' is missing debugging information for referencing module; linking object as if no debug info
     1>Conversion.lib(deflate.obj) : warning LNK4204: 'G:\RADIS\CVIPlab .NET 2010 binary\CVIPlab-net-2010\CVIPlab\Debug\vc100.pdb' is missing debugging information for referencing module; linking object as if no debug info
     1>Conversion.lib(inffast.obj) : warning LNK4204: 'G:\RADIS\CVIPlab .NET 2010 binary\CVIPlab-net-2010\CVIPlab\Debug\vc100.pdb' is missing debugging information for referencing module; linking object as if no debug info
     1>Conversion.lib(inflate.obj) : warning LNK4204: 'G:\RADIS\CVIPlab .NET 2010 binary\CVIPlab-net-2010\CVIPlab\Debug\vc100.pdb' is missing debugging information for referencing module; linking object as if no debug info
     1>Conversion.lib(inftrees.obj) : warning LNK4204: 'G:\RADIS\CVIPlab .NET 2010 binary\CVIPlab-net-2010\CVIPlab\Debug\vc100.pdb' is missing debugging information for referencing module; linking object as if no debug info
     1>Conversion.lib(png.obj) : warning LNK4204: 'G:\RADIS\CVIPlab .NET 2010 binary\CVIPlab-net-2010\CVIPlab\Debug\vc100.pdb' is missing debugging information for referencing module; linking object as if no debug info
     1>Conversion.lib(pngerror.obj) : warning LNK4204: 'G:\RADIS\CVIPlab .NET 2010 binary\CVIPlab-net-2010\CVIPlab\Debug\vc100.pdb' is missing debugging information for referencing module; linking object as if no debug info
     1>Conversion.lib(pngget.obj) : warning LNK4204: 'G:\RADIS\CVIPlab .NET 2010 binary\CVIPlab-net-2010\CVIPlab\Debug\vc100.pdb' is missing debugging information for referencing module; linking object as if no debug info
     1>Conversion.lib(pngmem.obj) : warning LNK4204: 'G:\RADIS\CVIPlab .NET 2010 binary\CVIPlab-net-2010\CVIPlab\Debug\vc100.pdb' is missing debugging information for referencing module; linking object as if no debug info
     1>Conversion.lib(pngread.obj) : warning LNK4204: 'G:\RADIS\CVIPlab .NET 2010 binary\CVIPlab-net-2010\CVIPlab\Debug\vc100.pdb' is missing debugging information for referencing module; linking object as if no debug info
     1>Conversion.lib(pngrio.obj) : warning LNK4204: 'G:\RADIS\CVIPlab .NET 2010 binary\CVIPlab-net-2010\CVIPlab\Debug\vc100.pdb' is missing debugging information for referencing module; linking object as if no debug info
     1>Conversion.lib(pngrtran.obj) : warning LNK4204: 'G:\RADIS\CVIPlab .NET 2010 binary\CVIPlab-net-2010\CVIPlab\Debug\vc100.pdb' is missing debugging information for referencing module; linking object as if no debug info
     1>Conversion.lib(pngrutil.obj) : warning LNK4204: 'G:\RADIS\CVIPlab .NET 2010 binary\CVIPlab-net-2010\CVIPlab\Debug\vc100.pdb' is missing debugging information for referencing module; linking object as if no debug info
     1>Conversion.lib(pngset.obj) : warning LNK4204: 'G:\RADIS\CVIPlab .NET 2010 binary\CVIPlab-net-2010\CVIPlab\Debug\vc100.pdb' is missing debugging information for referencing module; linking object as if no debug info
     1>Conversion.lib(pngtrans.obj) : warning LNK4204: 'G:\RADIS\CVIPlab .NET 2010 binary\CVIPlab-net-2010\CVIPlab\Debug\vc100.pdb' is missing debugging information for referencing module; linking object as if no debug info
     1>Conversion.lib(pngwio.obj) : warning LNK4204: 'G:\RADIS\CVIPlab .NET 2010 binary\CVIPlab-net-2010\CVIPlab\Debug\vc100.pdb' is missing debugging information for referencing module; linking object as if no debug info
     1>Conversion.lib(pngwrite.obj) : warning LNK4204: 'G:\RADIS\CVIPlab .NET 2010 binary\CVIPlab-net-2010\CVIPlab\Debug\vc100.pdb' is missing debugging information for referencing module; linking object as if no debug info
     1>Conversion.lib(pngwtran.obj) : warning LNK4204: 'G:\RADIS\CVIPlab .NET 2010 binary\CVIPlab-net-2010\CVIPlab\Debug\vc100.pdb' is missing debugging information for referencing module; linking object as if no debug info
     1>Conversion.lib(pngwutil.obj) : warning LNK4204: 'G:\RADIS\CVIPlab .NET 2010 binary\CVIPlab-net-2010\CVIPlab\Debug\vc100.pdb' is missing debugging information for referencing module; linking object as if no debug info
     1>Conversion.lib(readPNG.obj) : warning LNK4204: 'G:\RADIS\CVIPlab .NET 2010 binary\CVIPlab-net-2010\CVIPlab\Debug\vc100.pdb' is missing debugging information for referencing module; linking object as if no debug info
     1>Conversion.lib(trees.obj) : warning LNK4204: 'G:\RADIS\CVIPlab .NET 2010 binary\CVIPlab-net-2010\CVIPlab\Debug\vc100.pdb' is missing debugging information for referencing module; linking object as if no debug info
     1>Conversion.lib(writePNG.obj) : warning LNK4204: 'G:\RADIS\CVIPlab .NET 2010 binary\CVIPlab-net-2010\CVIPlab\Debug\vc100.pdb' is missing debugging information for referencing module; linking object as if no debug info
     1>Conversion.lib(zutil.obj) : warning LNK4204: 'G:\RADIS\CVIPlab .NET 2010 binary\CVIPlab-net-2010\CVIPlab\Debug\vc100.pdb' is missing debugging information for referencing module; linking object as if no debug info
     1>Display.lib(Display.obj) : warning LNK4204: 'G:\RADIS\CVIPlab .NET 2010 binary\CVIPlab-net-2010\CVIPlab\Debug\vc100.pdb' is missing debugging information for referencing module; linking object as if no debug info
     1>Display.lib(RamViewerDlg.obj) : warning LNK4204: 'G:\RADIS\CVIPlab .NET 2010 binary\CVIPlab-net-2010\CVIPlab\Debug\vc100.pdb' is missing debugging information for referencing module; linking object as if no debug info
     1>Display.lib(StatsDlg.obj) : warning LNK4204: 'G:\RADIS\CVIPlab .NET 2010 binary\CVIPlab-net-2010\CVIPlab\Debug\vc100.pdb' is missing debugging information for referencing module; linking object as if no debug info
     1>Feature.lib(binary_feature.obj) : warning LNK4204: 'G:\RADIS\CVIPlab .NET 2010 binary\CVIPlab-net-2010\CVIPlab\Debug\vc100.pdb' is missing debugging information for referencing module; linking object as if no debug info
     1>Feature.lib(hist_feature.obj) : warning LNK4204: 'G:\RADIS\CVIPlab .NET 2010 binary\CVIPlab-net-2010\CVIPlab\Debug\vc100.pdb' is missing debugging information for referencing module; linking object as if no debug info
     1>Feature.lib(label.obj) : warning LNK4204: 'G:\RADIS\CVIPlab .NET 2010 binary\CVIPlab-net-2010\CVIPlab\Debug\vc100.pdb' is missing debugging information for referencing module; linking object as if no debug info
     1>Geometry.lib(create_image.obj) : warning LNK4204: 'G:\RADIS\CVIPlab .NET 2010 binary\CVIPlab-net-2010\CVIPlab\Debug\vc100.pdb' is missing debugging information for referencing module; linking object as if no debug info
     1>Image.lib(history.obj) : warning LNK4204: 'G:\RADIS\CVIPlab .NET 2010 binary\CVIPlab-net-2010\CVIPlab\Debug\vc100.pdb' is missing debugging information for referencing module; linking object as if no debug info
     1>Image.lib(image.obj) : warning LNK4204: 'G:\RADIS\CVIPlab .NET 2010 binary\CVIPlab-net-2010\CVIPlab\Debug\vc100.pdb' is missing debugging information for referencing module; linking object as if no debug info
     1>IO.lib(errormsg.obj) : warning LNK4204: 'G:\RADIS\CVIPlab .NET 2010 binary\CVIPlab-net-2010\CVIPlab\Debug\vc100.pdb' is missing debugging information for referencing module; linking object as if no debug info
     1>IO.lib(file.obj) : warning LNK4204: 'G:\RADIS\CVIPlab .NET 2010 binary\CVIPlab-net-2010\CVIPlab\Debug\vc100.pdb' is missing debugging information for referencing module; linking object as if no debug info
     1>IO.lib(getvalue.obj) : warning LNK4204: 'G:\RADIS\CVIPlab .NET 2010 binary\CVIPlab-net-2010\CVIPlab\Debug\vc100.pdb' is missing debugging information for referencing module; linking object as if no debug info
     1>ObjectManager.lib(LL.obj) : warning LNK4204: 'G:\RADIS\CVIPlab .NET 2010 binary\CVIPlab-net-2010\CVIPlab\Debug\vc100.pdb' is missing debugging information for referencing module; linking object as if no debug info
     1>Mapping.lib(relremap.obj) : warning LNK4204: 'G:\RADIS\CVIPlab .NET 2010 binary\CVIPlab-net-2010\CVIPlab\Debug\vc100.pdb' is missing debugging information for referencing module; linking object as if no debug info
     1>Matrix.lib(m_alloc.obj) : warning LNK4204: 'G:\RADIS\CVIPlab .NET 2010 binary\CVIPlab-net-2010\CVIPlab\Debug\vc100.pdb' is missing debugging information for referencing module; linking object as if no debug info
     1>Matrix.lib(m_copy.obj) : warning LNK4204: 'G:\RADIS\CVIPlab .NET 2010 binary\CVIPlab-net-2010\CVIPlab\Debug\vc100.pdb' is missing debugging information for referencing module; linking object as if no debug info
     1>Matrix.lib(m_CovEig.obj) : warning LNK4204: 'G:\RADIS\CVIPlab .NET 2010 binary\CVIPlab-net-2010\CVIPlab\Debug\vc100.pdb' is missing debugging information for referencing module; linking object as if no debug info
     1>Matrix.lib(m_file.obj) : warning LNK4204: 'G:\RADIS\CVIPlab .NET 2010 binary\CVIPlab-net-2010\CVIPlab\Debug\vc100.pdb' is missing debugging information for referencing module; linking object as if no debug info
     1>Matrix.lib(m_invert.obj) : warning LNK4204: 'G:\RADIS\CVIPlab .NET 2010 binary\CVIPlab-net-2010\CVIPlab\Debug\vc100.pdb' is missing debugging information for referencing module; linking object as if no debug info
     1>Matrix.lib(m_makecomplex.obj) : warning LNK4204: 'G:\RADIS\CVIPlab .NET 2010 binary\CVIPlab-net-2010\CVIPlab\Debug\vc100.pdb' is missing debugging information for referencing module; linking object as if no debug info
     1>Matrix.lib(m_makereal.obj) : warning LNK4204: 'G:\RADIS\CVIPlab .NET 2010 binary\CVIPlab-net-2010\CVIPlab\Debug\vc100.pdb' is missing debugging information for referencing module; linking object as if no debug info
     1>Matrix.lib(m_print.obj) : warning LNK4204: 'G:\RADIS\CVIPlab .NET 2010 binary\CVIPlab-net-2010\CVIPlab\Debug\vc100.pdb' is missing debugging information for referencing module; linking object as if no debug info
     1>Matrix.lib(m_trans.obj) : warning LNK4204: 'G:\RADIS\CVIPlab .NET 2010 binary\CVIPlab-net-2010\CVIPlab\Debug\vc100.pdb' is missing debugging information for referencing module; linking object as if no debug info
     1>Matrix.lib(rec2pol.obj) : warning LNK4204: 'G:\RADIS\CVIPlab .NET 2010 binary\CVIPlab-net-2010\CVIPlab\Debug\vc100.pdb' is missing debugging information for referencing module; linking object as if no debug info
     1>Object.lib(DigitalLine.obj) : warning LNK4204: 'G:\RADIS\CVIPlab .NET 2010 binary\CVIPlab-net-2010\CVIPlab\Debug\vc100.pdb' is missing debugging information for referencing module; linking object as if no debug info
     1>Object.lib(Object.obj) : warning LNK4204: 'G:\RADIS\CVIPlab .NET 2010 binary\CVIPlab-net-2010\CVIPlab\Debug\vc100.pdb' is missing debugging information for referencing module; linking object as if no debug info
     1>Object.lib(ObjectContour.obj) : warning LNK4204: 'G:\RADIS\CVIPlab .NET 2010 binary\CVIPlab-net-2010\CVIPlab\Debug\vc100.pdb' is missing debugging information for referencing module; linking object as if no debug info
     1>Object.lib(ObjectLabel.obj) : warning LNK4204: 'G:\RADIS\CVIPlab .NET 2010 binary\CVIPlab-net-2010\CVIPlab\Debug\vc100.pdb' is missing debugging information for referencing module; linking object as if no debug info
     1>PBM.lib(libpbm1.obj) : warning LNK4204: 'G:\RADIS\CVIPlab .NET 2010 binary\CVIPlab-net-2010\CVIPlab\Debug\vc100.pdb' is missing debugging information for referencing module; linking object as if no debug info
     1>PBM.lib(libpbm2.obj) : warning LNK4204: 'G:\RADIS\CVIPlab .NET 2010 binary\CVIPlab-net-2010\CVIPlab\Debug\vc100.pdb' is missing debugging information for referencing module; linking object as if no debug info
     1>PBM.lib(libpbm3.obj) : warning LNK4204: 'G:\RADIS\CVIPlab .NET 2010 binary\CVIPlab-net-2010\CVIPlab\Debug\vc100.pdb' is missing debugging information for referencing module; linking object as if no debug info
     1>PBM.lib(libpbm4.obj) : warning LNK4204: 'G:\RADIS\CVIPlab .NET 2010 binary\CVIPlab-net-2010\CVIPlab\Debug\vc100.pdb' is missing debugging information for referencing module; linking object as if no debug info
     1>PBM.lib(libpgm1.obj) : warning LNK4204: 'G:\RADIS\CVIPlab .NET 2010 binary\CVIPlab-net-2010\CVIPlab\Debug\vc100.pdb' is missing debugging information for referencing module; linking object as if no debug info
     1>PBM.lib(libpgm2.obj) : warning LNK4204: 'G:\RADIS\CVIPlab .NET 2010 binary\CVIPlab-net-2010\CVIPlab\Debug\vc100.pdb' is missing debugging information for referencing module; linking object as if no debug info
     1>PBM.lib(libpnm1.obj) : warning LNK4204: 'G:\RADIS\CVIPlab .NET 2010 binary\CVIPlab-net-2010\CVIPlab\Debug\vc100.pdb' is missing debugging information for referencing module; linking object as if no debug info
     1>PBM.lib(libpnm4.obj) : warning LNK4204: 'G:\RADIS\CVIPlab .NET 2010 binary\CVIPlab-net-2010\CVIPlab\Debug\vc100.pdb' is missing debugging information for referencing module; linking object as if no debug info
     1>PBM.lib(libppm1.obj) : warning LNK4204: 'G:\RADIS\CVIPlab .NET 2010 binary\CVIPlab-net-2010\CVIPlab\Debug\vc100.pdb' is missing debugging information for referencing module; linking object as if no debug info
     1>PBM.lib(libppm2.obj) : warning LNK4204: 'G:\RADIS\CVIPlab .NET 2010 binary\CVIPlab-net-2010\CVIPlab\Debug\vc100.pdb' is missing debugging information for referencing module; linking object as if no debug info
     1>PBM.lib(libppm3.obj) : warning LNK4204: 'G:\RADIS\CVIPlab .NET 2010 binary\CVIPlab-net-2010\CVIPlab\Debug\vc100.pdb' is missing debugging information for referencing module; linking object as if no debug info
     1>ROI.lib(ROI.obj) : warning LNK4204: 'G:\RADIS\CVIPlab .NET 2010 binary\CVIPlab-net-2010\CVIPlab\Debug\vc100.pdb' is missing debugging information for referencing module; linking object as if no debug info
     1>Segmentation.lib(median_cut.obj) : warning LNK4204: 'G:\RADIS\CVIPlab .NET 2010 binary\CVIPlab-net-2010\CVIPlab\Debug\vc100.pdb' is missing debugging information for referencing module; linking object as if no debug info
     1>Segmentation.lib(threshold.obj) : warning LNK4204: 'G:\RADIS\CVIPlab .NET 2010 binary\CVIPlab-net-2010\CVIPlab\Debug\vc100.pdb' is missing debugging information for referencing module; linking object as if no debug info
     1>TIFF.lib(tif_aux.obj) : warning LNK4204: 'G:\RADIS\CVIPlab .NET 2010 binary\CVIPlab-net-2010\CVIPlab\Debug\vc100.pdb' is missing debugging information for referencing module; linking object as if no debug info
     1>TIFF.lib(tif_close.obj) : warning LNK4204: 'G:\RADIS\CVIPlab .NET 2010 binary\CVIPlab-net-2010\CVIPlab\Debug\vc100.pdb' is missing debugging information for referencing module; linking object as if no debug info
     1>TIFF.lib(tif_codec.obj) : warning LNK4204: 'G:\RADIS\CVIPlab .NET 2010 binary\CVIPlab-net-2010\CVIPlab\Debug\vc100.pdb' is missing debugging information for referencing module; linking object as if no debug info
     1>TIFF.lib(tif_compress.obj) : warning LNK4204: 'G:\RADIS\CVIPlab .NET 2010 binary\CVIPlab-net-2010\CVIPlab\Debug\vc100.pdb' is missing debugging information for referencing module; linking object as if no debug info
     1>TIFF.lib(tif_dir.obj) : warning LNK4204: 'G:\RADIS\CVIPlab .NET 2010 binary\CVIPlab-net-2010\CVIPlab\Debug\vc100.pdb' is missing debugging information for referencing module; linking object as if no debug info
     1>TIFF.lib(tif_dirinfo.obj) : warning LNK4204: 'G:\RADIS\CVIPlab .NET 2010 binary\CVIPlab-net-2010\CVIPlab\Debug\vc100.pdb' is missing debugging information for referencing module; linking object as if no debug info
     1>TIFF.lib(tif_dirread.obj) : warning LNK4204: 'G:\RADIS\CVIPlab .NET 2010 binary\CVIPlab-net-2010\CVIPlab\Debug\vc100.pdb' is missing debugging information for referencing module; linking object as if no debug info
     1>TIFF.lib(tif_dirwrite.obj) : warning LNK4204: 'G:\RADIS\CVIPlab .NET 2010 binary\CVIPlab-net-2010\CVIPlab\Debug\vc100.pdb' is missing debugging information for referencing module; linking object as if no debug info
     1>TIFF.lib(tif_dumpmode.obj) : warning LNK4204: 'G:\RADIS\CVIPlab .NET 2010 binary\CVIPlab-net-2010\CVIPlab\Debug\vc100.pdb' is missing debugging information for referencing module; linking object as if no debug info
     1>TIFF.lib(tif_error.obj) : warning LNK4204: 'G:\RADIS\CVIPlab .NET 2010 binary\CVIPlab-net-2010\CVIPlab\Debug\vc100.pdb' is missing debugging information for referencing module; linking object as if no debug info
     1>TIFF.lib(tif_extension.obj) : warning LNK4204: 'G:\RADIS\CVIPlab .NET 2010 binary\CVIPlab-net-2010\CVIPlab\Debug\vc100.pdb' is missing debugging information for referencing module; linking object as if no debug info
     1>TIFF.lib(tif_fax3.obj) : warning LNK4204: 'G:\RADIS\CVIPlab .NET 2010 binary\CVIPlab-net-2010\CVIPlab\Debug\vc100.pdb' is missing debugging information for referencing module; linking object as if no debug info
     1>TIFF.lib(tif_fax3sm.obj) : warning LNK4204: 'G:\RADIS\CVIPlab .NET 2010 binary\CVIPlab-net-2010\CVIPlab\Debug\vc100.pdb' is missing debugging information for referencing module; linking object as if no debug info
     1>TIFF.lib(tif_flush.obj) : warning LNK4204: 'G:\RADIS\CVIPlab .NET 2010 binary\CVIPlab-net-2010\CVIPlab\Debug\vc100.pdb' is missing debugging information for referencing module; linking object as if no debug info
     1>TIFF.lib(tif_jpeg.obj) : warning LNK4204: 'G:\RADIS\CVIPlab .NET 2010 binary\CVIPlab-net-2010\CVIPlab\Debug\vc100.pdb' is missing debugging information for referencing module; linking object as if no debug info
     1>TIFF.lib(tif_luv.obj) : warning LNK4204: 'G:\RADIS\CVIPlab .NET 2010 binary\CVIPlab-net-2010\CVIPlab\Debug\vc100.pdb' is missing debugging information for referencing module; linking object as if no debug info
     1>TIFF.lib(tif_lzw.obj) : warning LNK4204: 'G:\RADIS\CVIPlab .NET 2010 binary\CVIPlab-net-2010\CVIPlab\Debug\vc100.pdb' is missing debugging information for referencing module; linking object as if no debug info
     1>TIFF.lib(tif_next.obj) : warning LNK4204: 'G:\RADIS\CVIPlab .NET 2010 binary\CVIPlab-net-2010\CVIPlab\Debug\vc100.pdb' is missing debugging information for referencing module; linking object as if no debug info
     1>TIFF.lib(tif_open.obj) : warning LNK4204: 'G:\RADIS\CVIPlab .NET 2010 binary\CVIPlab-net-2010\CVIPlab\Debug\vc100.pdb' is missing debugging information for referencing module; linking object as if no debug info
     1>TIFF.lib(tif_packbits.obj) : warning LNK4204: 'G:\RADIS\CVIPlab .NET 2010 binary\CVIPlab-net-2010\CVIPlab\Debug\vc100.pdb' is missing debugging information for referencing module; linking object as if no debug info
     1>TIFF.lib(tif_predict.obj) : warning LNK4204: 'G:\RADIS\CVIPlab .NET 2010 binary\CVIPlab-net-2010\CVIPlab\Debug\vc100.pdb' is missing debugging information for referencing module; linking object as if no debug info
     1>TIFF.lib(tif_print.obj) : warning LNK4204: 'G:\RADIS\CVIPlab .NET 2010 binary\CVIPlab-net-2010\CVIPlab\Debug\vc100.pdb' is missing debugging information for referencing module; linking object as if no debug info
     1>TIFF.lib(tif_read.obj) : warning LNK4204: 'G:\RADIS\CVIPlab .NET 2010 binary\CVIPlab-net-2010\CVIPlab\Debug\vc100.pdb' is missing debugging information for referencing module; linking object as if no debug info
     1>TIFF.lib(tif_strip.obj) : warning LNK4204: 'G:\RADIS\CVIPlab .NET 2010 binary\CVIPlab-net-2010\CVIPlab\Debug\vc100.pdb' is missing debugging information for referencing module; linking object as if no debug info
     1>TIFF.lib(tif_swab.obj) : warning LNK4204: 'G:\RADIS\CVIPlab .NET 2010 binary\CVIPlab-net-2010\CVIPlab\Debug\vc100.pdb' is missing debugging information for referencing module; linking object as if no debug info
     1>TIFF.lib(tif_thunder.obj) : warning LNK4204: 'G:\RADIS\CVIPlab .NET 2010 binary\CVIPlab-net-2010\CVIPlab\Debug\vc100.pdb' is missing debugging information for referencing module; linking object as if no debug info
     1>TIFF.lib(tif_tile.obj) : warning LNK4204: 'G:\RADIS\CVIPlab .NET 2010 binary\CVIPlab-net-2010\CVIPlab\Debug\vc100.pdb' is missing debugging information for referencing module; linking object as if no debug info
     1>TIFF.lib(tif_warning.obj) : warning LNK4204: 'G:\RADIS\CVIPlab .NET 2010 binary\CVIPlab-net-2010\CVIPlab\Debug\vc100.pdb' is missing debugging information for referencing module; linking object as if no debug info
     1>TIFF.lib(tif_win32.obj) : warning LNK4204: 'G:\RADIS\CVIPlab .NET 2010 binary\CVIPlab-net-2010\CVIPlab\Debug\vc100.pdb' is missing debugging information for referencing module; linking object as if no debug info
     1>TIFF.lib(tif_write.obj) : warning LNK4204: 'G:\RADIS\CVIPlab .NET 2010 binary\CVIPlab-net-2010\CVIPlab\Debug\vc100.pdb' is missing debugging information for referencing module; linking object as if no debug info
     1>Vector.lib(bandvec.obj) : warning LNK4204: 'G:\RADIS\CVIPlab .NET 2010 binary\CVIPlab-net-2010\CVIPlab\Debug\vc100.pdb' is missing debugging information for referencing module; linking object as if no debug info
     1>Vector.lib(normalize.obj) : warning LNK4204: 'G:\RADIS\CVIPlab .NET 2010 binary\CVIPlab-net-2010\CVIPlab\Debug\vc100.pdb' is missing debugging information for referencing module; linking object as if no debug info
     1>Vector.lib(VectorMinMax.obj) : warning LNK4204: 'G:\RADIS\CVIPlab .NET 2010 binary\CVIPlab-net-2010\CVIPlab\Debug\vc100.pdb' is missing debugging information for referencing module; linking object as if no debug info
     1>Band.lib(assemble_bands.obj) : warning LNK4204: 'G:\RADIS\CVIPlab .NET 2010 binary\CVIPlab-net-2010\CVIPlab\Debug\vc100.pdb' is missing debugging information for referencing module; linking object as if no debug info
     1>Band.lib(bandcopy.obj) : warning LNK4204: 'G:\RADIS\CVIPlab .NET 2010 binary\CVIPlab-net-2010\CVIPlab\Debug\vc100.pdb' is missing debugging information for referencing module; linking object as if no debug info
     1>Band.lib(mem_alloc.obj) : warning LNK4204: 'G:\RADIS\CVIPlab .NET 2010 binary\CVIPlab-net-2010\CVIPlab\Debug\vc100.pdb' is missing debugging information for referencing module; linking object as if no debug info
     1>Color.lib(ColorMap.obj) : warning LNK4204: 'G:\RADIS\CVIPlab .NET 2010 binary\CVIPlab-net-2010\CVIPlab\Debug\vc100.pdb' is missing debugging information for referencing module; linking object as if no debug info
     1>Color.lib(luminance.obj) : warning LNK4204: 'G:\RADIS\CVIPlab .NET 2010 binary\CVIPlab-net-2010\CVIPlab\Debug\vc100.pdb' is missing debugging information for referencing module; linking object as if no debug info
     1>Compression.lib(bitplane_RLC.obj) : warning LNK4204: 'G:\RADIS\CVIPlab .NET 2010 binary\CVIPlab-net-2010\CVIPlab\Debug\vc100.pdb' is missing debugging information for referencing module; linking object as if no debug info
     1>Compression.lib(block_trunc_coding.obj) : warning LNK4204: 'G:\RADIS\CVIPlab .NET 2010 binary\CVIPlab-net-2010\CVIPlab\Debug\vc100.pdb' is missing debugging information for referencing module; linking object as if no debug info
     1>Compression.lib(dpcm.obj) : warning LNK4204: 'G:\RADIS\CVIPlab .NET 2010 binary\CVIPlab-net-2010\CVIPlab\Debug\vc100.pdb' is missing debugging information for referencing module; linking object as if no debug info
     1>Compression.lib(fracdec.obj) : warning LNK4204: 'G:\RADIS\CVIPlab .NET 2010 binary\CVIPlab-net-2010\CVIPlab\Debug\vc100.pdb' is missing debugging information for referencing module; linking object as if no debug info
     1>Compression.lib(grey_RLC.obj) : warning LNK4204: 'G:\RADIS\CVIPlab .NET 2010 binary\CVIPlab-net-2010\CVIPlab\Debug\vc100.pdb' is missing debugging information for referencing module; linking object as if no debug info
     1>Compression.lib(huffman.obj) : warning LNK4204: 'G:\RADIS\CVIPlab .NET 2010 binary\CVIPlab-net-2010\CVIPlab\Debug\vc100.pdb' is missing debugging information for referencing module; linking object as if no debug info
     1>Compression.lib(jpeg.obj) : warning LNK4204: 'G:\RADIS\CVIPlab .NET 2010 binary\CVIPlab-net-2010\CVIPlab\Debug\vc100.pdb' is missing debugging information for referencing module; linking object as if no debug info
     1>Compression.lib(m_btc.obj) : warning LNK4204: 'G:\RADIS\CVIPlab .NET 2010 binary\CVIPlab-net-2010\CVIPlab\Debug\vc100.pdb' is missing debugging information for referencing module; linking object as if no debug info
     1>Compression.lib(trans_compr.obj) : warning LNK4204: 'G:\RADIS\CVIPlab .NET 2010 binary\CVIPlab-net-2010\CVIPlab\Debug\vc100.pdb' is missing debugging information for referencing module; linking object as if no debug info
     1>Compression.lib(vector_quantization.obj) : warning LNK4204: 'G:\RADIS\CVIPlab .NET 2010 binary\CVIPlab-net-2010\CVIPlab\Debug\vc100.pdb' is missing debugging information for referencing module; linking object as if no debug info
     1>Compression.lib(vq_coding.obj) : warning LNK4204: 'G:\RADIS\CVIPlab .NET 2010 binary\CVIPlab-net-2010\CVIPlab\Debug\vc100.pdb' is missing debugging information for referencing module; linking object as if no debug info
     1>Compression.lib(vq_fileio.obj) : warning LNK4204: 'G:\RADIS\CVIPlab .NET 2010 binary\CVIPlab-net-2010\CVIPlab\Debug\vc100.pdb' is missing debugging information for referencing module; linking object as if no debug info
     1>Compression.lib(vq_initial.obj) : warning LNK4204: 'G:\RADIS\CVIPlab .NET 2010 binary\CVIPlab-net-2010\CVIPlab\Debug\vc100.pdb' is missing debugging information for referencing module; linking object as if no debug info
     1>Compression.lib(xvq.obj) : warning LNK4204: 'G:\RADIS\CVIPlab .NET 2010 binary\CVIPlab-net-2010\CVIPlab\Debug\vc100.pdb' is missing debugging information for referencing module; linking object as if no debug info
     1>Compression.lib(zonal.obj) : warning LNK4204: 'G:\RADIS\CVIPlab .NET 2010 binary\CVIPlab-net-2010\CVIPlab\Debug\vc100.pdb' is missing debugging information for referencing module; linking object as if no debug info
     1>Compression.lib(zonal2.obj) : warning LNK4204: 'G:\RADIS\CVIPlab .NET 2010 binary\CVIPlab-net-2010\CVIPlab\Debug\vc100.pdb' is missing debugging information for referencing module; linking object as if no debug info
     1>Compression.lib(zvl.obj) : warning LNK4204: 'G:\RADIS\CVIPlab .NET 2010 binary\CVIPlab-net-2010\CVIPlab\Debug\vc100.pdb' is missing debugging information for referencing module; linking object as if no debug info
     1>IO.lib(MemAlloc.obj) : warning LNK4204: 'G:\RADIS\CVIPlab .NET 2010 binary\CVIPlab-net-2010\CVIPlab\Debug\vc100.pdb' is missing debugging information for referencing module; linking object as if no debug info
     1>JPEG.lib(jcapimin.obj) : warning LNK4204: 'G:\RADIS\CVIPlab .NET 2010 binary\CVIPlab-net-2010\CVIPlab\Debug\vc100.pdb' is missing debugging information for referencing module; linking object as if no debug info
     1>JPEG.lib(jcapistd.obj) : warning LNK4204: 'G:\RADIS\CVIPlab .NET 2010 binary\CVIPlab-net-2010\CVIPlab\Debug\vc100.pdb' is missing debugging information for referencing module; linking object as if no debug info
     1>JPEG.lib(jccoefct.obj) : warning LNK4204: 'G:\RADIS\CVIPlab .NET 2010 binary\CVIPlab-net-2010\CVIPlab\Debug\vc100.pdb' is missing debugging information for referencing module; linking object as if no debug info
     1>JPEG.lib(jccolor.obj) : warning LNK4204: 'G:\RADIS\CVIPlab .NET 2010 binary\CVIPlab-net-2010\CVIPlab\Debug\vc100.pdb' is missing debugging information for referencing module; linking object as if no debug info
     1>JPEG.lib(jcdctmgr.obj) : warning LNK4204: 'G:\RADIS\CVIPlab .NET 2010 binary\CVIPlab-net-2010\CVIPlab\Debug\vc100.pdb' is missing debugging information for referencing module; linking object as if no debug info
     1>JPEG.lib(jchuff.obj) : warning LNK4204: 'G:\RADIS\CVIPlab .NET 2010 binary\CVIPlab-net-2010\CVIPlab\Debug\vc100.pdb' is missing debugging information for referencing module; linking object as if no debug info
     1>JPEG.lib(jcinit.obj) : warning LNK4204: 'G:\RADIS\CVIPlab .NET 2010 binary\CVIPlab-net-2010\CVIPlab\Debug\vc100.pdb' is missing debugging information for referencing module; linking object as if no debug info
     1>JPEG.lib(jcmainct.obj) : warning LNK4204: 'G:\RADIS\CVIPlab .NET 2010 binary\CVIPlab-net-2010\CVIPlab\Debug\vc100.pdb' is missing debugging information for referencing module; linking object as if no debug info
     1>JPEG.lib(jcmarker.obj) : warning LNK4204: 'G:\RADIS\CVIPlab .NET 2010 binary\CVIPlab-net-2010\CVIPlab\Debug\vc100.pdb' is missing debugging information for referencing module; linking object as if no debug info
     1>JPEG.lib(jcmaster.obj) : warning LNK4204: 'G:\RADIS\CVIPlab .NET 2010 binary\CVIPlab-net-2010\CVIPlab\Debug\vc100.pdb' is missing debugging information for referencing module; linking object as if no debug info
     1>JPEG.lib(jcomapi.obj) : warning LNK4204: 'G:\RADIS\CVIPlab .NET 2010 binary\CVIPlab-net-2010\CVIPlab\Debug\vc100.pdb' is missing debugging information for referencing module; linking object as if no debug info
     1>JPEG.lib(jcparam.obj) : warning LNK4204: 'G:\RADIS\CVIPlab .NET 2010 binary\CVIPlab-net-2010\CVIPlab\Debug\vc100.pdb' is missing debugging information for referencing module; linking object as if no debug info
     1>JPEG.lib(jcphuff.obj) : warning LNK4204: 'G:\RADIS\CVIPlab .NET 2010 binary\CVIPlab-net-2010\CVIPlab\Debug\vc100.pdb' is missing debugging information for referencing module; linking object as if no debug info
     1>JPEG.lib(jcprepct.obj) : warning LNK4204: 'G:\RADIS\CVIPlab .NET 2010 binary\CVIPlab-net-2010\CVIPlab\Debug\vc100.pdb' is missing debugging information for referencing module; linking object as if no debug info
     1>JPEG.lib(jcsample.obj) : warning LNK4204: 'G:\RADIS\CVIPlab .NET 2010 binary\CVIPlab-net-2010\CVIPlab\Debug\vc100.pdb' is missing debugging information for referencing module; linking object as if no debug info
     1>JPEG.lib(jdapimin.obj) : warning LNK4204: 'G:\RADIS\CVIPlab .NET 2010 binary\CVIPlab-net-2010\CVIPlab\Debug\vc100.pdb' is missing debugging information for referencing module; linking object as if no debug info
     1>JPEG.lib(jdapistd.obj) : warning LNK4204: 'G:\RADIS\CVIPlab .NET 2010 binary\CVIPlab-net-2010\CVIPlab\Debug\vc100.pdb' is missing debugging information for referencing module; linking object as if no debug info
     1>JPEG.lib(jdatadst.obj) : warning LNK4204: 'G:\RADIS\CVIPlab .NET 2010 binary\CVIPlab-net-2010\CVIPlab\Debug\vc100.pdb' is missing debugging information for referencing module; linking object as if no debug info
     1>JPEG.lib(jdatasrc.obj) : warning LNK4204: 'G:\RADIS\CVIPlab .NET 2010 binary\CVIPlab-net-2010\CVIPlab\Debug\vc100.pdb' is missing debugging information for referencing module; linking object as if no debug info
     1>JPEG.lib(jdcoefct.obj) : warning LNK4204: 'G:\RADIS\CVIPlab .NET 2010 binary\CVIPlab-net-2010\CVIPlab\Debug\vc100.pdb' is missing debugging information for referencing module; linking object as if no debug info
     1>JPEG.lib(jdcolor.obj) : warning LNK4204: 'G:\RADIS\CVIPlab .NET 2010 binary\CVIPlab-net-2010\CVIPlab\Debug\vc100.pdb' is missing debugging information for referencing module; linking object as if no debug info
     1>JPEG.lib(jddctmgr.obj) : warning LNK4204: 'G:\RADIS\CVIPlab .NET 2010 binary\CVIPlab-net-2010\CVIPlab\Debug\vc100.pdb' is missing debugging information for referencing module; linking object as if no debug info
     1>JPEG.lib(jdhuff.obj) : warning LNK4204: 'G:\RADIS\CVIPlab .NET 2010 binary\CVIPlab-net-2010\CVIPlab\Debug\vc100.pdb' is missing debugging information for referencing module; linking object as if no debug info
     1>JPEG.lib(jdinput.obj) : warning LNK4204: 'G:\RADIS\CVIPlab .NET 2010 binary\CVIPlab-net-2010\CVIPlab\Debug\vc100.pdb' is missing debugging information for referencing module; linking object as if no debug info
     1>JPEG.lib(jdmainct.obj) : warning LNK4204: 'G:\RADIS\CVIPlab .NET 2010 binary\CVIPlab-net-2010\CVIPlab\Debug\vc100.pdb' is missing debugging information for referencing module; linking object as if no debug info
     1>JPEG.lib(jdmarker.obj) : warning LNK4204: 'G:\RADIS\CVIPlab .NET 2010 binary\CVIPlab-net-2010\CVIPlab\Debug\vc100.pdb' is missing debugging information for referencing module; linking object as if no debug info
     1>JPEG.lib(jdmaster.obj) : warning LNK4204: 'G:\RADIS\CVIPlab .NET 2010 binary\CVIPlab-net-2010\CVIPlab\Debug\vc100.pdb' is missing debugging information for referencing module; linking object as if no debug info
     1>JPEG.lib(jdmerge.obj) : warning LNK4204: 'G:\RADIS\CVIPlab .NET 2010 binary\CVIPlab-net-2010\CVIPlab\Debug\vc100.pdb' is missing debugging information for referencing module; linking object as if no debug info
     1>JPEG.lib(jdphuff.obj) : warning LNK4204: 'G:\RADIS\CVIPlab .NET 2010 binary\CVIPlab-net-2010\CVIPlab\Debug\vc100.pdb' is missing debugging information for referencing module; linking object as if no debug info
     1>JPEG.lib(jdpostct.obj) : warning LNK4204: 'G:\RADIS\CVIPlab .NET 2010 binary\CVIPlab-net-2010\CVIPlab\Debug\vc100.pdb' is missing debugging information for referencing module; linking object as if no debug info
     1>JPEG.lib(jdsample.obj) : warning LNK4204: 'G:\RADIS\CVIPlab .NET 2010 binary\CVIPlab-net-2010\CVIPlab\Debug\vc100.pdb' is missing debugging information for referencing module; linking object as if no debug info
     1>JPEG.lib(jerror.obj) : warning LNK4204: 'G:\RADIS\CVIPlab .NET 2010 binary\CVIPlab-net-2010\CVIPlab\Debug\vc100.pdb' is missing debugging information for referencing module; linking object as if no debug info
     1>JPEG.lib(jfdctflt.obj) : warning LNK4204: 'G:\RADIS\CVIPlab .NET 2010 binary\CVIPlab-net-2010\CVIPlab\Debug\vc100.pdb' is missing debugging information for referencing module; linking object as if no debug info
     1>JPEG.lib(jfdctfst.obj) : warning LNK4204: 'G:\RADIS\CVIPlab .NET 2010 binary\CVIPlab-net-2010\CVIPlab\Debug\vc100.pdb' is missing debugging information for referencing module; linking object as if no debug info
     1>JPEG.lib(jfdctint.obj) : warning LNK4204: 'G:\RADIS\CVIPlab .NET 2010 binary\CVIPlab-net-2010\CVIPlab\Debug\vc100.pdb' is missing debugging information for referencing module; linking object as if no debug info
     1>JPEG.lib(jidctflt.obj) : warning LNK4204: 'G:\RADIS\CVIPlab .NET 2010 binary\CVIPlab-net-2010\CVIPlab\Debug\vc100.pdb' is missing debugging information for referencing module; linking object as if no debug info
     1>JPEG.lib(jidctfst.obj) : warning LNK4204: 'G:\RADIS\CVIPlab .NET 2010 binary\CVIPlab-net-2010\CVIPlab\Debug\vc100.pdb' is missing debugging information for referencing module; linking object as if no debug info
     1>JPEG.lib(jidctint.obj) : warning LNK4204: 'G:\RADIS\CVIPlab .NET 2010 binary\CVIPlab-net-2010\CVIPlab\Debug\vc100.pdb' is missing debugging information for referencing module; linking object as if no debug info
     1>JPEG.lib(jidctred.obj) : warning LNK4204: 'G:\RADIS\CVIPlab .NET 2010 binary\CVIPlab-net-2010\CVIPlab\Debug\vc100.pdb' is missing debugging information for referencing module; linking object as if no debug info
     1>JPEG.lib(jmemansi.obj) : warning LNK4204: 'G:\RADIS\CVIPlab .NET 2010 binary\CVIPlab-net-2010\CVIPlab\Debug\vc100.pdb' is missing debugging information for referencing module; linking object as if no debug info
     1>JPEG.lib(jmemmgr.obj) : warning LNK4204: 'G:\RADIS\CVIPlab .NET 2010 binary\CVIPlab-net-2010\CVIPlab\Debug\vc100.pdb' is missing debugging information for referencing module; linking object as if no debug info
     1>JPEG.lib(jquant1.obj) : warning LNK4204: 'G:\RADIS\CVIPlab .NET 2010 binary\CVIPlab-net-2010\CVIPlab\Debug\vc100.pdb' is missing debugging information for referencing module; linking object as if no debug info
     1>JPEG.lib(jquant2.obj) : warning LNK4204: 'G:\RADIS\CVIPlab .NET 2010 binary\CVIPlab-net-2010\CVIPlab\Debug\vc100.pdb' is missing debugging information for referencing module; linking object as if no debug info
     1>JPEG.lib(jrdcvip.obj) : warning LNK4204: 'G:\RADIS\CVIPlab .NET 2010 binary\CVIPlab-net-2010\CVIPlab\Debug\vc100.pdb' is missing debugging information for referencing module; linking object as if no debug info
     1>JPEG.lib(jutils.obj) : warning LNK4204: 'G:\RADIS\CVIPlab .NET 2010 binary\CVIPlab-net-2010\CVIPlab\Debug\vc100.pdb' is missing debugging information for referencing module; linking object as if no debug info
     1>JPEG.lib(jwrcvip.obj) : warning LNK4204: 'G:\RADIS\CVIPlab .NET 2010 binary\CVIPlab-net-2010\CVIPlab\Debug\vc100.pdb' is missing debugging information for referencing module; linking object as if no debug info
     1>JPEG.lib(rdswitch.obj) : warning LNK4204: 'G:\RADIS\CVIPlab .NET 2010 binary\CVIPlab-net-2010\CVIPlab\Debug\vc100.pdb' is missing debugging information for referencing module; linking object as if no debug info
     1>ObjectManager.lib(HT.obj) : warning LNK4204: 'G:\RADIS\CVIPlab .NET 2010 binary\CVIPlab-net-2010\CVIPlab\Debug\vc100.pdb' is missing debugging information for referencing module; linking object as if no debug info
     1>ObjectManager.lib(Stack.obj) : warning LNK4204: 'G:\RADIS\CVIPlab .NET 2010 binary\CVIPlab-net-2010\CVIPlab\Debug\vc100.pdb' is missing debugging information for referencing module; linking object as if no debug info
     1>Transform.lib(dct.obj) : warning LNK4204: 'G:\RADIS\CVIPlab .NET 2010 binary\CVIPlab-net-2010\CVIPlab\Debug\vc100.pdb' is missing debugging information for referencing module; linking object as if no debug info
     1>Transform.lib(fft.obj) : warning LNK4204: 'G:\RADIS\CVIPlab .NET 2010 binary\CVIPlab-net-2010\CVIPlab\Debug\vc100.pdb' is missing debugging information for referencing module; linking object as if no debug info
     1>Transform.lib(haar.obj) : warning LNK4204: 'G:\RADIS\CVIPlab .NET 2010 binary\CVIPlab-net-2010\CVIPlab\Debug\vc100.pdb' is missing debugging information for referencing module; linking object as if no debug info
     1>Transform.lib(inverse_fft.obj) : warning LNK4204: 'G:\RADIS\CVIPlab .NET 2010 binary\CVIPlab-net-2010\CVIPlab\Debug\vc100.pdb' is missing debugging information for referencing module; linking object as if no debug info
     1>Transform.lib(walhad.obj) : warning LNK4204: 'G:\RADIS\CVIPlab .NET 2010 binary\CVIPlab-net-2010\CVIPlab\Debug\vc100.pdb' is missing debugging information for referencing module; linking object as if no debug info
     1>Transform.lib(wavelet.obj) : warning LNK4204: 'G:\RADIS\CVIPlab .NET 2010 binary\CVIPlab-net-2010\CVIPlab\Debug\vc100.pdb' is missing debugging information for referencing module; linking object as if no debug info
     1>Transform.lib(xform_util.obj) : warning LNK4204: 'G:\RADIS\CVIPlab .NET 2010 binary\CVIPlab-net-2010\CVIPlab\Debug\vc100.pdb' is missing debugging information for referencing module; linking object as if no debug info
     1>Transform.lib(zero_pad.obj) : warning LNK4204: 'G:\RADIS\CVIPlab .NET 2010 binary\CVIPlab-net-2010\CVIPlab\Debug\vc100.pdb' is missing debugging information for referencing module; linking object as if no debug info
       Manifest:
         C:\Program Files (x86)\Microsoft SDKs\Windows\v7.0A\bin\mt.exe /nologo /verbose /out:".\Debug\CVIPlab_Project.exe.embed.manifest" /manifest .\Debug\CVIPlab_Project.exe.intermediate.manifest "C:\Program Files (x86)\Microsoft Visual Studio 10.0\VC\Include\Manifest\dpiaware.manifest"
         All outputs are up-to-date.
       LinkEmbedManifest:
         All outputs are up-to-date.
         CVIPlab_Project.vcxproj -> G:\RADIS\CVIPlab .NET 2010 binary\CVIPlab-net-2010\CVIPlab\.\Debug\CVIPlab_Project.exe
       BscMake:
         C:\Program Files (x86)\Microsoft Visual Studio 10.0\VC\bin\bscmake.exe /nologo /o".\Debug/CVIPlab_Project.bsc" .\Debug\CVIPlab.sbr .\Debug\CVIPlab_Project.sbr .\Debug\StdAfx.sbr .\Debug\threshold_lab.sbr
                                                                                                                 